D:\工作\DOGRUN\DOGRUN3\COMMON\DEP\PROTOBUF-2.5.0\VSPROJECTS\DEBUG.WIN32\MESSAGE_LITE.OBJ
D:\工作\DOGRUN\DOGRUN3\COMMON\DEP\PROTOBUF-2.5.0\VSPROJECTS\DEBUG.WIN32\ONCE.OBJ
D:\工作\DOGRUN\DOGRUN3\COMMON\DEP\PROTOBUF-2.5.0\VSPROJECTS\DEBUG.WIN32\ATOMICOPS_INTERNALS_X86_MSVC.OBJ
D:\工作\DOGRUN\DOGRUN3\COMMON\DEP\PROTOBUF-2.5.0\VSPROJECTS\DEBUG.WIN32\PARSER.OBJ
D:\工作\DOGRUN\DOGRUN3\COMMON\DEP\PROTOBUF-2.5.0\VSPROJECTS\DEBUG.WIN32\PRINTER.OBJ
D:\工作\DOGRUN\DOGRUN3\COMMON\DEP\PROTOBUF-2.5.0\VSPROJECTS\DEBUG.WIN32\REFLECTION_OPS.OBJ
D:\工作\DOGRUN\DOGRUN3\COMMON\DEP\PROTOBUF-2.5.0\VSPROJECTS\DEBUG.WIN32\REPEATED_FIELD.OBJ
D:\工作\DOGRUN\DOGRUN3\COMMON\DEP\PROTOBUF-2.5.0\VSPROJECTS\DEBUG.WIN32\SERVICE.OBJ
D:\工作\DOGRUN\DOGRUN3\COMMON\DEP\PROTOBUF-2.5.0\VSPROJECTS\DEBUG.WIN32\STRUCTURALLY_VALID.OBJ
D:\工作\DOGRUN\DOGRUN3\COMMON\DEP\PROTOBUF-2.5.0\VSPROJECTS\DEBUG.WIN32\STRUTIL.OBJ
D:\工作\DOGRUN\DOGRUN3\COMMON\DEP\PROTOBUF-2.5.0\VSPROJECTS\DEBUG.WIN32\SUBSTITUTE.OBJ
D:\工作\DOGRUN\DOGRUN3\COMMON\DEP\PROTOBUF-2.5.0\VSPROJECTS\DEBUG.WIN32\TEXT_FORMAT.OBJ
D:\工作\DOGRUN\DOGRUN3\COMMON\DEP\PROTOBUF-2.5.0\VSPROJECTS\DEBUG.WIN32\TOKENIZER.OBJ
D:\工作\DOGRUN\DOGRUN3\COMMON\DEP\PROTOBUF-2.5.0\VSPROJECTS\DEBUG.WIN32\UNKNOWN_FIELD_SET.OBJ
D:\工作\DOGRUN\DOGRUN3\COMMON\DEP\PROTOBUF-2.5.0\VSPROJECTS\DEBUG.WIN32\WIRE_FORMAT.OBJ
D:\工作\DOGRUN\DOGRUN3\COMMON\DEP\PROTOBUF-2.5.0\VSPROJECTS\DEBUG.WIN32\WIRE_FORMAT_LITE.OBJ
D:\工作\DOGRUN\DOGRUN3\COMMON\DEP\PROTOBUF-2.5.0\VSPROJECTS\DEBUG.WIN32\ZERO_COPY_STREAM.OBJ
D:\工作\DOGRUN\DOGRUN3\COMMON\DEP\PROTOBUF-2.5.0\VSPROJECTS\DEBUG.WIN32\ZERO_COPY_STREAM_IMPL.OBJ
D:\工作\DOGRUN\DOGRUN3\COMMON\DEP\PROTOBUF-2.5.0\VSPROJECTS\DEBUG.WIN32\ZERO_COPY_STREAM_IMPL_LITE.OBJ
D:\工作\DOGRUN\DOGRUN3\COMMON\DEP\PROTOBUF-2.5.0\VSPROJECTS\DEBUG.WIN32\STRINGPRINTF.OBJ
D:\工作\DOGRUN\DOGRUN3\COMMON\DEP\PROTOBUF-2.5.0\VSPROJECTS\DEBUG.WIN32\CODED_STREAM.OBJ
D:\工作\DOGRUN\DOGRUN3\COMMON\DEP\PROTOBUF-2.5.0\VSPROJECTS\DEBUG.WIN32\COMMON.OBJ
D:\工作\DOGRUN\DOGRUN3\COMMON\DEP\PROTOBUF-2.5.0\VSPROJECTS\DEBUG.WIN32\DESCRIPTOR.OBJ
D:\工作\DOGRUN\DOGRUN3\COMMON\DEP\PROTOBUF-2.5.0\VSPROJECTS\DEBUG.WIN32\DESCRIPTOR.PB.OBJ
D:\工作\DOGRUN\DOGRUN3\COMMON\DEP\PROTOBUF-2.5.0\VSPROJECTS\DEBUG.WIN32\DESCRIPTOR_DATABASE.OBJ
D:\工作\DOGRUN\DOGRUN3\COMMON\DEP\PROTOBUF-2.5.0\VSPROJECTS\DEBUG.WIN32\DYNAMIC_MESSAGE.OBJ
D:\工作\DOGRUN\DOGRUN3\COMMON\DEP\PROTOBUF-2.5.0\VSPROJECTS\DEBUG.WIN32\EXTENSION_SET.OBJ
D:\工作\DOGRUN\DOGRUN3\COMMON\DEP\PROTOBUF-2.5.0\VSPROJECTS\DEBUG.WIN32\EXTENSION_SET_HEAVY.OBJ
D:\工作\DOGRUN\DOGRUN3\COMMON\DEP\PROTOBUF-2.5.0\VSPROJECTS\DEBUG.WIN32\GENERATED_MESSAGE_REFLECTION.OBJ
D:\工作\DOGRUN\DOGRUN3\COMMON\DEP\PROTOBUF-2.5.0\VSPROJECTS\DEBUG.WIN32\GENERATED_MESSAGE_UTIL.OBJ
D:\工作\DOGRUN\DOGRUN3\COMMON\DEP\PROTOBUF-2.5.0\VSPROJECTS\DEBUG.WIN32\GZIP_STREAM.OBJ
D:\工作\DOGRUN\DOGRUN3\COMMON\DEP\PROTOBUF-2.5.0\VSPROJECTS\DEBUG.WIN32\IMPORTER.OBJ
D:\工作\DOGRUN\DOGRUN3\COMMON\DEP\PROTOBUF-2.5.0\VSPROJECTS\DEBUG.WIN32\MESSAGE.OBJ
D:\工作\DOGRUN\DOGRUN3\COMMON\DEP\PROTOBUF-2.5.0\VSPROJECTS\DEBUG.WIN32\VC110.PDB
D:\工作\DOGRUN\DOGRUN3\CLIENT\DEBUG.WIN32\LIBPROTOBUF.LIB
D:\工作\dogrun\dogrun3\common\dep\protobuf-2.5.0\vsprojects\Debug.win32\atomicops_internals_x86_msvc.obj
D:\工作\dogrun\dogrun3\common\dep\protobuf-2.5.0\vsprojects\Debug.win32\coded_stream.obj
D:\工作\dogrun\dogrun3\common\dep\protobuf-2.5.0\vsprojects\Debug.win32\common.obj
D:\工作\dogrun\dogrun3\common\dep\protobuf-2.5.0\vsprojects\Debug.win32\descriptor.obj
D:\工作\dogrun\dogrun3\common\dep\protobuf-2.5.0\vsprojects\Debug.win32\descriptor.pb.obj
D:\工作\dogrun\dogrun3\common\dep\protobuf-2.5.0\vsprojects\Debug.win32\descriptor_database.obj
D:\工作\dogrun\dogrun3\common\dep\protobuf-2.5.0\vsprojects\Debug.win32\dynamic_message.obj
D:\工作\dogrun\dogrun3\common\dep\protobuf-2.5.0\vsprojects\Debug.win32\extension_set.obj
D:\工作\dogrun\dogrun3\common\dep\protobuf-2.5.0\vsprojects\Debug.win32\extension_set_heavy.obj
D:\工作\dogrun\dogrun3\common\dep\protobuf-2.5.0\vsprojects\Debug.win32\generated_message_reflection.obj
D:\工作\dogrun\dogrun3\common\dep\protobuf-2.5.0\vsprojects\Debug.win32\generated_message_util.obj
D:\工作\dogrun\dogrun3\common\dep\protobuf-2.5.0\vsprojects\Debug.win32\gzip_stream.obj
D:\工作\dogrun\dogrun3\common\dep\protobuf-2.5.0\vsprojects\Debug.win32\importer.obj
D:\工作\dogrun\dogrun3\common\dep\protobuf-2.5.0\vsprojects\Debug.win32\message.obj
D:\工作\dogrun\dogrun3\common\dep\protobuf-2.5.0\vsprojects\Debug.win32\message_lite.obj
D:\工作\dogrun\dogrun3\common\dep\protobuf-2.5.0\vsprojects\Debug.win32\once.obj
D:\工作\dogrun\dogrun3\common\dep\protobuf-2.5.0\vsprojects\Debug.win32\parser.obj
D:\工作\dogrun\dogrun3\common\dep\protobuf-2.5.0\vsprojects\Debug.win32\printer.obj
D:\工作\dogrun\dogrun3\common\dep\protobuf-2.5.0\vsprojects\Debug.win32\reflection_ops.obj
D:\工作\dogrun\dogrun3\common\dep\protobuf-2.5.0\vsprojects\Debug.win32\repeated_field.obj
D:\工作\dogrun\dogrun3\common\dep\protobuf-2.5.0\vsprojects\Debug.win32\service.obj
D:\工作\dogrun\dogrun3\common\dep\protobuf-2.5.0\vsprojects\Debug.win32\stringprintf.obj
D:\工作\dogrun\dogrun3\common\dep\protobuf-2.5.0\vsprojects\Debug.win32\structurally_valid.obj
D:\工作\dogrun\dogrun3\common\dep\protobuf-2.5.0\vsprojects\Debug.win32\strutil.obj
D:\工作\dogrun\dogrun3\common\dep\protobuf-2.5.0\vsprojects\Debug.win32\substitute.obj
D:\工作\dogrun\dogrun3\common\dep\protobuf-2.5.0\vsprojects\Debug.win32\text_format.obj
D:\工作\dogrun\dogrun3\common\dep\protobuf-2.5.0\vsprojects\Debug.win32\tokenizer.obj
D:\工作\dogrun\dogrun3\common\dep\protobuf-2.5.0\vsprojects\Debug.win32\unknown_field_set.obj
D:\工作\dogrun\dogrun3\common\dep\protobuf-2.5.0\vsprojects\Debug.win32\wire_format.obj
D:\工作\dogrun\dogrun3\common\dep\protobuf-2.5.0\vsprojects\Debug.win32\wire_format_lite.obj
D:\工作\dogrun\dogrun3\common\dep\protobuf-2.5.0\vsprojects\Debug.win32\zero_copy_stream.obj
D:\工作\dogrun\dogrun3\common\dep\protobuf-2.5.0\vsprojects\Debug.win32\zero_copy_stream_impl.obj
D:\工作\dogrun\dogrun3\common\dep\protobuf-2.5.0\vsprojects\Debug.win32\zero_copy_stream_impl_lite.obj
D:\工作\dogrun\dogrun3\common\dep\protobuf-2.5.0\vsprojects\Debug.win32\cl.command.1.tlog
D:\工作\dogrun\dogrun3\common\dep\protobuf-2.5.0\vsprojects\Debug.win32\CL.read.1.tlog
D:\工作\dogrun\dogrun3\common\dep\protobuf-2.5.0\vsprojects\Debug.win32\CL.write.1.tlog
D:\工作\dogrun\dogrun3\common\dep\protobuf-2.5.0\vsprojects\Debug.win32\Lib-link.read.1.tlog
D:\工作\dogrun\dogrun3\common\dep\protobuf-2.5.0\vsprojects\Debug.win32\Lib-link.write.1.tlog
D:\工作\dogrun\dogrun3\common\dep\protobuf-2.5.0\vsprojects\Debug.win32\lib.command.1.tlog
D:\工作\dogrun\dogrun3\common\dep\protobuf-2.5.0\vsprojects\Debug.win32\vc110.idb
D:\工作\dogrun\dogrun3\common\dep\protobuf-2.5.0\vsprojects\Debug.win32\vc110.pdb
D:\工作\dogrun\dogrun3\client\Debug.win32\libprotobuf.lib
