生成启动时间为 2014/2/10 11:05:57。
     1>项目“D:\工作\dogrun\dogrun3\common\dep\protobuf-2.5.0\vsprojects\libprotobuf.vcxproj”在节点 3 上(Rebuild 个目标)。
     1>ClCompile:
         D:\Program Files (x86)\Microsoft Visual Studio 11.0\VC\bin\CL.exe /c /I../src /I. /ZI /nologo /W3 /WX- /Od /Oy- /D WIN32 /D _DEBUG /D _WINDOWS /D _USRDLL /D LIBPROTOBUF_EXPORTS /Gm /EHsc /RTC1 /MDd /GS /fp:precise /Zc:wchar_t /Zc:forScope /Fo"Debug.win32\\" /Fd"Debug.win32\vc110.pdb" /Gd /TP /analyze- /errorReport:prompt /wd4244 /wd4267 /wd4018 /wd4355 /wd4800 /wd4251 /wd4996 /wd4146 /wd4305 ..\src\google\protobuf\io\coded_stream.cc ..\src\google\protobuf\stubs\common.cc ..\src\google\protobuf\descriptor.cc ..\src\google\protobuf\descriptor.pb.cc ..\src\google\protobuf\descriptor_database.cc ..\src\google\protobuf\dynamic_message.cc ..\src\google\protobuf\extension_set.cc ..\src\google\protobuf\extension_set_heavy.cc ..\src\google\protobuf\generated_message_reflection.cc ..\src\google\protobuf\generated_message_util.cc ..\src\google\protobuf\io\gzip_stream.cc ..\src\google\protobuf\compiler\importer.cc ..\src\google\protobuf\message.cc ..\src\google\protobuf\message_lite.cc ..\src\google\protobuf\stubs\once.cc ..\src\google\protobuf\stubs\atomicops_internals_x86_msvc.cc ..\src\google\protobuf\compiler\parser.cc ..\src\google\protobuf\io\printer.cc ..\src\google\protobuf\reflection_ops.cc ..\src\google\protobuf\repeated_field.cc ..\src\google\protobuf\service.cc ..\src\google\protobuf\stubs\structurally_valid.cc ..\src\google\protobuf\stubs\strutil.cc ..\src\google\protobuf\stubs\substitute.cc ..\src\google\protobuf\text_format.cc ..\src\google\protobuf\io\tokenizer.cc ..\src\google\protobuf\unknown_field_set.cc ..\src\google\protobuf\wire_format.cc ..\src\google\protobuf\wire_format_lite.cc ..\src\google\protobuf\io\zero_copy_stream.cc ..\src\google\protobuf\io\zero_copy_stream_impl.cc ..\src\google\protobuf\io\zero_copy_stream_impl_lite.cc ..\src\google\protobuf\stubs\stringprintf.cc
         stringprintf.cc
         zero_copy_stream_impl_lite.cc
         zero_copy_stream_impl.cc
         zero_copy_stream.cc
         wire_format_lite.cc
         wire_format.cc
         unknown_field_set.cc
         tokenizer.cc
         text_format.cc
         substitute.cc
         strutil.cc
         structurally_valid.cc
         service.cc
         repeated_field.cc
         reflection_ops.cc
         printer.cc
         parser.cc
         atomicops_internals_x86_msvc.cc
         once.cc
         message_lite.cc
         正在生成代码...
         正在编译...
         message.cc
         importer.cc
         gzip_stream.cc
         generated_message_util.cc
         generated_message_reflection.cc
         extension_set_heavy.cc
         extension_set.cc
         dynamic_message.cc
         descriptor_database.cc
         descriptor.pb.cc
         descriptor.cc
         common.cc
         coded_stream.cc
         正在生成代码...
       Lib:
         D:\Program Files (x86)\Microsoft Visual Studio 11.0\VC\bin\Lib.exe /OUT:"D:\工作\dogrun\dogrun3\client\Debug.win32\libprotobuf.lib" /NOLOGO Debug.win32\coded_stream.obj
         Debug.win32\common.obj
         Debug.win32\descriptor.obj
         Debug.win32\descriptor.pb.obj
         Debug.win32\descriptor_database.obj
         Debug.win32\dynamic_message.obj
         Debug.win32\extension_set.obj
         Debug.win32\extension_set_heavy.obj
         Debug.win32\generated_message_reflection.obj
         Debug.win32\generated_message_util.obj
         Debug.win32\gzip_stream.obj
         Debug.win32\importer.obj
         Debug.win32\message.obj
         Debug.win32\message_lite.obj
         Debug.win32\once.obj
         Debug.win32\atomicops_internals_x86_msvc.obj
         Debug.win32\parser.obj
         Debug.win32\printer.obj
         Debug.win32\reflection_ops.obj
         Debug.win32\repeated_field.obj
         Debug.win32\service.obj
         Debug.win32\structurally_valid.obj
         Debug.win32\strutil.obj
         Debug.win32\substitute.obj
         Debug.win32\text_format.obj
         Debug.win32\tokenizer.obj
         Debug.win32\unknown_field_set.obj
         Debug.win32\wire_format.obj
         Debug.win32\wire_format_lite.obj
         Debug.win32\zero_copy_stream.obj
         Debug.win32\zero_copy_stream_impl.obj
         Debug.win32\zero_copy_stream_impl_lite.obj
         Debug.win32\stringprintf.obj
         libprotobuf.vcxproj -> D:\工作\dogrun\dogrun3\client\Debug.win32\libprotobuf.lib
     1>已完成生成项目“D:\工作\dogrun\dogrun3\common\dep\protobuf-2.5.0\vsprojects\libprotobuf.vcxproj”(Rebuild 个目标)的操作。

生成成功。

已用时间 00:00:24.03
